2023-07-21 10:50:56 -Starting ZhongruanApplicationTests using Java 1.8.0_372 on MBP-2Z23FVLVCH-1903.local with PID 90622 (started by mac in /Users/mac/Downloads/zhongruan/zhongruan)
2023-07-21 10:50:56 -No active profile set, falling back to 1 default profile: "default"
2023-07-21 10:50:57 -Multiple Spring Data modules found, entering strict repository configuration mode
2023-07-21 10:50:57 -Bootstrapping Spring Data Redis repositories in DEFAULT mode.
2023-07-21 10:50:57 -Finished Spring Data repository scanning in 17 ms. Found 0 Redis repository interfaces.
2023-07-21 10:51:00 -Started ZhongruanApplicationTests in 10.124 seconds (JVM running for 12.235)
2023-07-21 10:52:31 -Starting ZhongruanApplicationTests using Java 1.8.0_372 on MBP-2Z23FVLVCH-1903.local with PID 90764 (started by mac in /Users/mac/Downloads/zhongruan/zhongruan)
2023-07-21 10:52:31 -No active profile set, falling back to 1 default profile: "default"
2023-07-21 10:52:31 -Multiple Spring Data modules found, entering strict repository configuration mode
2023-07-21 10:52:31 -Bootstrapping Spring Data Redis repositories in DEFAULT mode.
2023-07-21 10:52:31 -Finished Spring Data repository scanning in 15 ms. Found 0 Redis repository interfaces.
2023-07-21 10:52:34 -Started ZhongruanApplicationTests in 9.153 seconds (JVM running for 10.404)
2023-07-21 11:48:33 -Starting ZhongruanApplicationTests using Java 1.8.0_372 on MBP-2Z23FVLVCH-1903.local with PID 93200 (started by mac in /Users/mac/Downloads/zhongruan/zhongruan)
2023-07-21 11:48:33 -No active profile set, falling back to 1 default profile: "default"
2023-07-21 11:48:33 -Multiple Spring Data modules found, entering strict repository configuration mode
2023-07-21 11:48:33 -Bootstrapping Spring Data Redis repositories in DEFAULT mode.
2023-07-21 11:48:33 -Finished Spring Data repository scanning in 14 ms. Found 0 Redis repository interfaces.
2023-07-21 11:48:37 -Started ZhongruanApplicationTests in 10.189 seconds (JVM running for 11.493)
2023-07-21 11:49:15 -Starting ZhongruanApplicationTests using Java 1.8.0_372 on MBP-2Z23FVLVCH-1903.local with PID 93280 (started by mac in /Users/mac/Downloads/zhongruan/zhongruan)
2023-07-21 11:49:15 -No active profile set, falling back to 1 default profile: "default"
2023-07-21 11:49:15 -Multiple Spring Data modules found, entering strict repository configuration mode
2023-07-21 11:49:15 -Bootstrapping Spring Data Redis repositories in DEFAULT mode.
2023-07-21 11:49:15 -Finished Spring Data repository scanning in 13 ms. Found 0 Redis repository interfaces.
2023-07-21 11:49:18 -Started ZhongruanApplicationTests in 8.803 seconds (JVM running for 9.912)
2023-07-21 11:50:08 -Starting ZhongruanApplicationTests using Java 1.8.0_372 on MBP-2Z23FVLVCH-1903.local with PID 93293 (started by mac in /Users/mac/Downloads/zhongruan/zhongruan)
2023-07-21 11:50:08 -No active profile set, falling back to 1 default profile: "default"
2023-07-21 11:50:08 -Multiple Spring Data modules found, entering strict repository configuration mode
2023-07-21 11:50:08 -Bootstrapping Spring Data Redis repositories in DEFAULT mode.
2023-07-21 11:50:08 -Finished Spring Data repository scanning in 18 ms. Found 0 Redis repository interfaces.
2023-07-21 11:50:11 -Started ZhongruanApplicationTests in 8.716 seconds (JVM running for 9.831)
2023-07-21 15:26:59 -Starting ZhongruanApplicationTests using Java 1.8.0_372 on MBP-2Z23FVLVCH-1903.local with PID 895 (started by mac in /Users/mac/Downloads/zhongruan/zhongruan)
2023-07-21 15:26:59 -No active profile set, falling back to 1 default profile: "default"
2023-07-21 15:27:00 -Multiple Spring Data modules found, entering strict repository configuration mode
2023-07-21 15:27:00 -Bootstrapping Spring Data Redis repositories in DEFAULT mode.
2023-07-21 15:27:00 -Finished Spring Data repository scanning in 17 ms. Found 0 Redis repository interfaces.
2023-07-21 15:27:03 -Started ZhongruanApplicationTests in 9.642 seconds (JVM running for 11.363)
2023-07-21 15:38:28 -Starting ZhongruanApplicationTests using Java 1.8.0_372 on MBP-2Z23FVLVCH-1903.local with PID 1728 (started by mac in /Users/mac/Downloads/zhongruan/zhongruan)
2023-07-21 15:38:28 -No active profile set, falling back to 1 default profile: "default"
2023-07-21 15:38:29 -Multiple Spring Data modules found, entering strict repository configuration mode
2023-07-21 15:38:29 -Bootstrapping Spring Data Redis repositories in DEFAULT mode.
2023-07-21 15:38:29 -Finished Spring Data repository scanning in 16 ms. Found 0 Redis repository interfaces.
2023-07-21 15:38:31 -Started ZhongruanApplicationTests in 9.086 seconds (JVM running for 11.114)
2023-07-21 17:06:50 -Starting ZhongruanApplicationTests using Java 1.8.0_372 on MBP-2Z23FVLVCH-1903.local with PID 6118 (started by mac in /Users/mac/Downloads/zhongruan/zhongruan)
2023-07-21 17:06:50 -No active profile set, falling back to 1 default profile: "default"
2023-07-21 17:06:51 -Multiple Spring Data modules found, entering strict repository configuration mode
2023-07-21 17:06:51 -Bootstrapping Spring Data Redis repositories in DEFAULT mode.
2023-07-21 17:06:51 -Finished Spring Data repository scanning in 14 ms. Found 0 Redis repository interfaces.
2023-07-21 17:06:54 -Started ZhongruanApplicationTests in 9.243 seconds (JVM running for 10.745)
2023-07-21 17:07:24 -Starting ZhongruanApplicationTests using Java 1.8.0_372 on MBP-2Z23FVLVCH-1903.local with PID 6147 (started by mac in /Users/mac/Downloads/zhongruan/zhongruan)
2023-07-21 17:07:24 -No active profile set, falling back to 1 default profile: "default"
2023-07-21 17:07:24 -Multiple Spring Data modules found, entering strict repository configuration mode
2023-07-21 17:07:24 -Bootstrapping Spring Data Redis repositories in DEFAULT mode.
2023-07-21 17:07:24 -Finished Spring Data repository scanning in 15 ms. Found 0 Redis repository interfaces.
2023-07-21 17:07:27 -Started ZhongruanApplicationTests in 8.65 seconds (JVM running for 9.754)
2023-07-21 18:03:53 -Starting ZhongruanApplicationTests using Java 1.8.0_372 on MBP-2Z23FVLVCH-1903.local with PID 8635 (started by mac in /Users/mac/Downloads/zhongruan/zhongruan)
2023-07-21 18:03:53 -No active profile set, falling back to 1 default profile: "default"
2023-07-21 18:03:54 -Multiple Spring Data modules found, entering strict repository configuration mode
2023-07-21 18:03:54 -Bootstrapping Spring Data Redis repositories in DEFAULT mode.
2023-07-21 18:03:54 -Finished Spring Data repository scanning in 18 ms. Found 0 Redis repository interfaces.
2023-07-21 18:03:57 -Started ZhongruanApplicationTests in 9.099 seconds (JVM running for 10.288)
