2023-07-24 10:08:54 -Starting ZhongruanApplicationTests using Java 1.8.0_372 on MBP-2Z23FVLVCH-1903.local with PID 15626 (started by mac in /Users/mac/Downloads/zhongruan/zhongruan)
2023-07-24 10:08:54 -No active profile set, falling back to 1 default profile: "default"
2023-07-24 10:08:56 -Multiple Spring Data modules found, entering strict repository configuration mode
2023-07-24 10:08:56 -Bootstrapping Spring Data Redis repositories in DEFAULT mode.
2023-07-24 10:08:56 -Finished Spring Data repository scanning in 16 ms. Found 0 Redis repository interfaces.
2023-07-24 10:08:59 -Started ZhongruanApplicationTests in 10.699 seconds (JVM running for 12.026)
2023-07-24 10:09:14 -Starting ZhongruanApplication using Java 1.8.0_372 on MBP-2Z23FVLVCH-1903.local with PID 15702 (/Users/mac/Downloads/zhongruan/zhongruan/target/classes started by mac in /Users/mac/Downloads/zhongruan/zhongruan)
2023-07-24 10:09:14 -No active profile set, falling back to 1 default profile: "default"
2023-07-24 10:09:15 -Multiple Spring Data modules found, entering strict repository configuration mode
2023-07-24 10:09:15 -Bootstrapping Spring Data Redis repositories in DEFAULT mode.
2023-07-24 10:09:15 -Finished Spring Data repository scanning in 7 ms. Found 0 Redis repository interfaces.
2023-07-24 10:09:15 -Tomcat initialized with port(s): 8080 (http)
2023-07-24 10:09:15 -Initializing ProtocolHandler ["http-nio-8080"]
2023-07-24 10:09:15 -Starting service [Tomcat]
2023-07-24 10:09:15 -Starting Servlet engine: [Apache Tomcat/9.0.75]
2023-07-24 10:09:15 -Initializing Spring embedded WebApplicationContext
2023-07-24 10:09:15 -Root WebApplicationContext: initialization completed in 1092 ms
2023-07-24 10:09:17 -Starting ProtocolHandler ["http-nio-8080"]
2023-07-24 10:09:17 -Tomcat started on port(s): 8080 (http) with context path ''
2023-07-24 10:09:17 -Started ZhongruanApplication in 2.617 seconds (JVM running for 8.102)
2023-07-24 10:35:20 -Starting ZhongruanApplicationTests using Java 1.8.0_372 on MBP-2Z23FVLVCH-1903.local with PID 17230 (started by mac in /Users/mac/Downloads/zhongruan/zhongruan)
2023-07-24 10:35:20 -No active profile set, falling back to 1 default profile: "default"
2023-07-24 10:35:21 -Multiple Spring Data modules found, entering strict repository configuration mode
2023-07-24 10:35:21 -Bootstrapping Spring Data Redis repositories in DEFAULT mode.
2023-07-24 10:35:21 -Finished Spring Data repository scanning in 12 ms. Found 0 Redis repository interfaces.
2023-07-24 10:35:24 -Started ZhongruanApplicationTests in 8.913 seconds (JVM running for 10.334)
2023-07-24 10:36:07 -Starting ZhongruanApplicationTests using Java 1.8.0_372 on MBP-2Z23FVLVCH-1903.local with PID 17307 (started by mac in /Users/mac/Downloads/zhongruan/zhongruan)
2023-07-24 10:36:07 -No active profile set, falling back to 1 default profile: "default"
2023-07-24 10:36:07 -Multiple Spring Data modules found, entering strict repository configuration mode
2023-07-24 10:36:07 -Bootstrapping Spring Data Redis repositories in DEFAULT mode.
2023-07-24 10:36:07 -Finished Spring Data repository scanning in 13 ms. Found 0 Redis repository interfaces.
2023-07-24 10:36:10 -Started ZhongruanApplicationTests in 8.889 seconds (JVM running for 10.157)
2023-07-24 10:41:31 -Starting ZhongruanApplication using Java 1.8.0_372 on MBP-2Z23FVLVCH-1903.local with PID 17564 (/Users/mac/Downloads/zhongruan/zhongruan/target/classes started by mac in /Users/mac/Downloads/zhongruan/zhongruan)
2023-07-24 10:41:31 -No active profile set, falling back to 1 default profile: "default"
2023-07-24 10:41:31 -Multiple Spring Data modules found, entering strict repository configuration mode
2023-07-24 10:41:31 -Bootstrapping Spring Data Redis repositories in DEFAULT mode.
2023-07-24 10:41:31 -Finished Spring Data repository scanning in 10 ms. Found 0 Redis repository interfaces.
2023-07-24 10:41:32 -Tomcat initialized with port(s): 8080 (http)
2023-07-24 10:41:32 -Initializing ProtocolHandler ["http-nio-8080"]
2023-07-24 10:41:32 -Starting service [Tomcat]
2023-07-24 10:41:32 -Starting Servlet engine: [Apache Tomcat/9.0.75]
2023-07-24 10:41:32 -Initializing Spring embedded WebApplicationContext
2023-07-24 10:41:32 -Root WebApplicationContext: initialization completed in 1189 ms
2023-07-24 10:41:33 -Starting ProtocolHandler ["http-nio-8080"]
2023-07-24 10:41:33 -Tomcat started on port(s): 8080 (http) with context path ''
2023-07-24 10:41:33 -Started ZhongruanApplication in 2.694 seconds (JVM running for 8.313)
2023-07-24 10:42:01 -Initializing Spring DispatcherServlet 'dispatcherServlet'
2023-07-24 10:42:01 -Initializing Servlet 'dispatcherServlet'
2023-07-24 10:42:01 -Completed initialization in 1 ms
2023-07-24 10:42:01 -HikariPool-1 - Starting...
2023-07-24 10:42:01 -HikariPool-1 - Start completed.
2023-07-24 11:03:43 -HikariPool-1 - Thread starvation or clock leap detected (housekeeper delta=4m41s658ms).
2023-07-24 11:10:07 -获取任务列表失败
org.springframework.jdbc.BadSqlGrammarException: 
### Error querying database.  Cause: java.sql.SQLSyntaxErrorException: Unknown column 'status' in 'field list'
### The error may exist in edu/scu/zhongruan/dao/TaskDao.java (best guess)
### The error may involve defaultParameterMap
### The error occurred while setting parameters
### SQL: SELECT  id,model_type,begin_time,end_time,cost_time,creator_id,patient_id,file_type,advice,notes,measurement,status  FROM task     WHERE (creator_id = ?)
### Cause: java.sql.SQLSyntaxErrorException: Unknown column 'status' in 'field list'
; bad SQL grammar []; nested exception is java.sql.SQLSyntaxErrorException: Unknown column 'status' in 'field list'
	at org.springframework.jdbc.support.SQLErrorCodeSQLExceptionTranslator.doTranslate(SQLErrorCodeSQLExceptionTranslator.java:239)
	at org.springframework.jdbc.support.AbstractFallbackSQLExceptionTranslator.translate(AbstractFallbackSQLExceptionTranslator.java:70)
	at org.mybatis.spring.MyBatisExceptionTranslator.translateExceptionIfPossible(MyBatisExceptionTranslator.java:88)
	at org.mybatis.spring.SqlSessionTemplate$SqlSessionInterceptor.invoke(SqlSessionTemplate.java:440)
	at com.sun.proxy.$Proxy67.selectList(Unknown Source)
	at org.mybatis.spring.SqlSessionTemplate.selectList(SqlSessionTemplate.java:223)
	at com.baomidou.mybatisplus.core.override.MybatisMapperMethod.executeForMany(MybatisMapperMethod.java:173)
	at com.baomidou.mybatisplus.core.override.MybatisMapperMethod.execute(MybatisMapperMethod.java:78)
	at com.baomidou.mybatisplus.core.override.MybatisMapperProxy$PlainMethodInvoker.invoke(MybatisMapperProxy.java:148)
	at com.baomidou.mybatisplus.core.override.MybatisMapperProxy.invoke(MybatisMapperProxy.java:89)
	at com.sun.proxy.$Proxy78.selectList(Unknown Source)
	at edu.scu.zhongruan.service.impl.TaskServiceImpl.allTask(TaskServiceImpl.java:162)
	at edu.scu.zhongruan.service.impl.TaskServiceImpl$$FastClassBySpringCGLIB$$66fc0ac0.invoke(<generated>)
	at org.springframework.cglib.proxy.MethodProxy.invoke(MethodProxy.java:218)
	at org.springframework.aop.framework.CglibAopProxy.invokeMethod(CglibAopProxy.java:386)
	at org.springframework.aop.framework.CglibAopProxy.access$000(CglibAopProxy.java:85)
	at org.springframework.aop.framework.CglibAopProxy$DynamicAdvisedInterceptor.intercept(CglibAopProxy.java:704)
	at edu.scu.zhongruan.service.impl.TaskServiceImpl$$EnhancerBySpringCGLIB$$c48393f5.allTask(<generated>)
	at edu.scu.zhongruan.controller.TaskController.list(TaskController.java:50)
	at sun.reflect.NativeMethodAccessorImpl.invoke0(Native Method)
	at sun.reflect.NativeMethodAccessorImpl.invoke(NativeMethodAccessorImpl.java:62)
	at sun.reflect.DelegatingMethodAccessorImpl.invoke(DelegatingMethodAccessorImpl.java:43)
	at java.lang.reflect.Method.invoke(Method.java:498)
	at org.springframework.web.method.support.InvocableHandlerMethod.doInvoke(InvocableHandlerMethod.java:205)
	at org.springframework.web.method.support.InvocableHandlerMethod.invokeForRequest(InvocableHandlerMethod.java:150)
	at org.springframework.web.servlet.mvc.method.annotation.ServletInvocableHandlerMethod.invokeAndHandle(ServletInvocableHandlerMethod.java:117)
	at org.springframework.web.servlet.mvc.method.annotation.RequestMappingHandlerAdapter.invokeHandlerMethod(RequestMappingHandlerAdapter.java:895)
	at org.springframework.web.servlet.mvc.method.annotation.RequestMappingHandlerAdapter.handleInternal(RequestMappingHandlerAdapter.java:808)
	at org.springframework.web.servlet.mvc.method.AbstractHandlerMethodAdapter.handle(AbstractHandlerMethodAdapter.java:87)
	at org.springframework.web.servlet.DispatcherServlet.doDispatch(DispatcherServlet.java:1072)
	at org.springframework.web.servlet.DispatcherServlet.doService(DispatcherServlet.java:965)
	at org.springframework.web.servlet.FrameworkServlet.processRequest(FrameworkServlet.java:1006)
	at org.springframework.web.servlet.FrameworkServlet.doGet(FrameworkServlet.java:898)
	at javax.servlet.http.HttpServlet.service(HttpServlet.java:529)
	at org.springframework.web.servlet.FrameworkServlet.service(FrameworkServlet.java:883)
	at javax.servlet.http.HttpServlet.service(HttpServlet.java:623)
	at org.apache.catalina.core.ApplicationFilterChain.internalDoFilter(ApplicationFilterChain.java:209)
	at org.apache.catalina.core.ApplicationFilterChain.doFilter(ApplicationFilterChain.java:153)
	at org.apache.tomcat.websocket.server.WsFilter.doFilter(WsFilter.java:51)
	at org.apache.catalina.core.ApplicationFilterChain.internalDoFilter(ApplicationFilterChain.java:178)
	at org.apache.catalina.core.ApplicationFilterChain.doFilter(ApplicationFilterChain.java:153)
	at org.springframework.web.filter.RequestContextFilter.doFilterInternal(RequestContextFilter.java:100)
	at org.springframework.web.filter.OncePerRequestFilter.doFilter(OncePerRequestFilter.java:117)
	at org.apache.catalina.core.ApplicationFilterChain.internalDoFilter(ApplicationFilterChain.java:178)
	at org.apache.catalina.core.ApplicationFilterChain.doFilter(ApplicationFilterChain.java:153)
	at org.springframework.web.filter.FormContentFilter.doFilterInternal(FormContentFilter.java:93)
	at org.springframework.web.filter.OncePerRequestFilter.doFilter(OncePerRequestFilter.java:117)
	at org.apache.catalina.core.ApplicationFilterChain.internalDoFilter(ApplicationFilterChain.java:178)
	at org.apache.catalina.core.ApplicationFilterChain.doFilter(ApplicationFilterChain.java:153)
	at org.springframework.web.filter.CharacterEncodingFilter.doFilterInternal(CharacterEncodingFilter.java:201)
	at org.springframework.web.filter.OncePerRequestFilter.doFilter(OncePerRequestFilter.java:117)
	at org.apache.catalina.core.ApplicationFilterChain.internalDoFilter(ApplicationFilterChain.java:178)
	at org.apache.catalina.core.ApplicationFilterChain.doFilter(ApplicationFilterChain.java:153)
	at org.apache.catalina.core.StandardWrapperValve.invoke(StandardWrapperValve.java:167)
	at org.apache.catalina.core.StandardContextValve.invoke(StandardContextValve.java:90)
	at org.apache.catalina.authenticator.AuthenticatorBase.invoke(AuthenticatorBase.java:481)
	at org.apache.catalina.core.StandardHostValve.invoke(StandardHostValve.java:130)
	at org.apache.catalina.valves.ErrorReportValve.invoke(ErrorReportValve.java:93)
	at org.apache.catalina.core.StandardEngineValve.invoke(StandardEngineValve.java:74)
	at org.apache.catalina.connector.CoyoteAdapter.service(CoyoteAdapter.java:343)
	at org.apache.coyote.http11.Http11Processor.service(Http11Processor.java:390)
	at org.apache.coyote.AbstractProcessorLight.process(AbstractProcessorLight.java:63)
	at org.apache.coyote.AbstractProtocol$ConnectionHandler.process(AbstractProtocol.java:926)
	at org.apache.tomcat.util.net.NioEndpoint$SocketProcessor.doRun(NioEndpoint.java:1791)
	at org.apache.tomcat.util.net.SocketProcessorBase.run(SocketProcessorBase.java:52)
	at org.apache.tomcat.util.threads.ThreadPoolExecutor.runWorker(ThreadPoolExecutor.java:1191)
	at org.apache.tomcat.util.threads.ThreadPoolExecutor$Worker.run(ThreadPoolExecutor.java:659)
	at org.apache.tomcat.util.threads.TaskThread$WrappingRunnable.run(TaskThread.java:61)
	at java.lang.Thread.run(Thread.java:750)
Caused by: java.sql.SQLSyntaxErrorException: Unknown column 'status' in 'field list'
	at com.mysql.cj.jdbc.exceptions.SQLError.createSQLException(SQLError.java:121)
	at com.mysql.cj.jdbc.exceptions.SQLExceptionsMapping.translateException(SQLExceptionsMapping.java:122)
	at com.mysql.cj.jdbc.ClientPreparedStatement.executeInternal(ClientPreparedStatement.java:916)
	at com.mysql.cj.jdbc.ClientPreparedStatement.execute(ClientPreparedStatement.java:354)
	at com.zaxxer.hikari.pool.ProxyPreparedStatement.execute(ProxyPreparedStatement.java:44)
	at com.zaxxer.hikari.pool.HikariProxyPreparedStatement.execute(HikariProxyPreparedStatement.java)
	at org.apache.ibatis.executor.statement.PreparedStatementHandler.query(PreparedStatementHandler.java:64)
	at org.apache.ibatis.executor.statement.RoutingStatementHandler.query(RoutingStatementHandler.java:79)
	at com.baomidou.mybatisplus.core.executor.MybatisSimpleExecutor.doQuery(MybatisSimpleExecutor.java:69)
	at org.apache.ibatis.executor.BaseExecutor.queryFromDatabase(BaseExecutor.java:325)
	at org.apache.ibatis.executor.BaseExecutor.query(BaseExecutor.java:156)
	at com.baomidou.mybatisplus.core.executor.MybatisCachingExecutor.query(MybatisCachingExecutor.java:165)
	at com.baomidou.mybatisplus.core.executor.MybatisCachingExecutor.query(MybatisCachingExecutor.java:92)
	at org.apache.ibatis.session.defaults.DefaultSqlSession.selectList(DefaultSqlSession.java:147)
	at org.apache.ibatis.session.defaults.DefaultSqlSession.selectList(DefaultSqlSession.java:140)
	at sun.reflect.NativeMethodAccessorImpl.invoke0(Native Method)
	at sun.reflect.NativeMethodAccessorImpl.invoke(NativeMethodAccessorImpl.java:62)
	at sun.reflect.DelegatingMethodAccessorImpl.invoke(DelegatingMethodAccessorImpl.java:43)
	at java.lang.reflect.Method.invoke(Method.java:498)
	at org.mybatis.spring.SqlSessionTemplate$SqlSessionInterceptor.invoke(SqlSessionTemplate.java:426)
	... 65 common frames omitted
2023-07-24 12:21:00 -HikariPool-1 - Thread starvation or clock leap detected (housekeeper delta=12m46s574ms).
2023-07-24 12:35:45 -HikariPool-1 - Thread starvation or clock leap detected (housekeeper delta=14m45s512ms).
2023-07-24 12:53:07 -HikariPool-1 - Thread starvation or clock leap detected (housekeeper delta=16m52s149ms).
2023-07-24 13:10:04 -HikariPool-1 - Thread starvation or clock leap detected (housekeeper delta=16m27s16ms).
2023-07-24 13:28:01 -HikariPool-1 - Thread starvation or clock leap detected (housekeeper delta=17m26s48ms).
2023-07-24 13:44:03 -HikariPool-1 - Thread starvation or clock leap detected (housekeeper delta=16m2s916ms).
2023-07-24 14:01:02 -HikariPool-1 - Thread starvation or clock leap detected (housekeeper delta=16m28s156ms).
2023-07-24 18:10:34 -HikariPool-1 - Thread starvation or clock leap detected (housekeeper delta=3m30s555ms).
2023-07-24 18:12:47 -HikariPool-1 - Thread starvation or clock leap detected (housekeeper delta=2m13s246ms).
2023-07-24 20:13:04 -HikariPool-1 - Thread starvation or clock leap detected (housekeeper delta=2m46s192ms).
2023-07-24 20:14:54 -HikariPool-1 - Thread starvation or clock leap detected (housekeeper delta=1m16s117ms).
2023-07-24 21:06:25 -HikariPool-1 - Thread starvation or clock leap detected (housekeeper delta=50m46s539ms).
2023-07-24 21:58:21 -HikariPool-1 - Thread starvation or clock leap detected (housekeeper delta=51m56s462ms).
2023-07-24 21:58:36 -HikariPool-1 - Shutdown initiated...
2023-07-24 21:58:36 -HikariPool-1 - Shutdown completed.
